<?xml version="1.0" encoding="UTF-8"?>
<!-- Generated by org.testng.reporters.JUnitReportReporter -->
<testsuite hostname="LAPTOP-MFTM25JK" failures="0" tests="4" name="com.sellabs.wdprogram.TestNGProgTwo" time="0.006" errors="0" timestamp="2022-05-16T20:48:32 IST" skipped="0">
  <testcase classname="com.sellabs.wdprogram.TestNGProgTwo" name="B" time="0.001"/>
  <system-out/>
  <testcase classname="com.sellabs.wdprogram.TestNGProgTwo" name="A" time="0.001"/>
  <system-out/>
  <testcase classname="com.sellabs.wdprogram.TestNGProgTwo" name="D" time="0.002"/>
  <system-out/>
  <testcase classname="com.sellabs.wdprogram.TestNGProgTwo" name="C" time="0.002"/>
  <system-out/>
</testsuite> <!-- com.sellabs.wdprogram.TestNGProgTwo -->
